0 info it worked if it ends with ok
1 verbose cli [ 'C:\\Program Files (x86)\\nodejs\\\\node.exe',
1 verbose cli   'C:\\Program Files (x86)\\nodejs\\node_modules\\npm\\bin\\npm-cli.js',
1 verbose cli   'instal',
1 verbose cli   'node-cron',
1 verbose cli   '--save' ]
2 info using npm@1.4.28
3 info using node@v0.10.33
4 verbose node symlink C:\Program Files (x86)\nodejs\\node.exe
5 warn package.json KRADIO@1.0.0 No README data
6 verbose readDependencies using package.json deps
7 verbose cache add [ 'node-cron', null ]
8 verbose cache add name=undefined spec="node-cron" args=["node-cron",null]
9 verbose parsed url { protocol: null,
9 verbose parsed url   slashes: null,
9 verbose parsed url   auth: null,
9 verbose parsed url   host: null,
9 verbose parsed url   port: null,
9 verbose parsed url   hostname: null,
9 verbose parsed url   hash: null,
9 verbose parsed url   search: null,
9 verbose parsed url   query: null,
9 verbose parsed url   pathname: 'node-cron',
9 verbose parsed url   path: 'node-cron',
9 verbose parsed url   href: 'node-cron' }
10 silly lockFile 7f071c36-node-cron node-cron
11 verbose lock node-cron C:\Users\therbert\AppData\Roaming\npm-cache\7f071c36-node-cron.lock
12 silly lockFile 7f071c36-node-cron node-cron
13 silly lockFile 7f071c36-node-cron node-cron
14 verbose addNamed [ 'node-cron', '' ]
15 verbose addNamed [ null, '*' ]
16 silly lockFile 4b1aaa17-node-cron node-cron@
17 verbose lock node-cron@ C:\Users\therbert\AppData\Roaming\npm-cache\4b1aaa17-node-cron.lock
18 silly addNameRange { name: 'node-cron', range: '*', hasData: false }
19 verbose request where is /node-cron
20 verbose request registry https://registry.npmjs.org/
21 verbose request id 9c836975dcbb725a
22 verbose url raw /node-cron
23 verbose url resolving [ 'https://registry.npmjs.org/', './node-cron' ]
24 verbose url resolved https://registry.npmjs.org/node-cron
25 verbose request where is https://registry.npmjs.org/node-cron
26 info trying registry request attempt 1 at 17:05:46
27 http GET https://registry.npmjs.org/node-cron
28 http 404 https://registry.npmjs.org/node-cron
29 verbose headers { date: 'Fri, 07 Nov 2014 01:05:46 GMT',
29 verbose headers   server: 'CouchDB/1.5.0 (Erlang OTP/R14B04)',
29 verbose headers   'content-type': 'application/json',
29 verbose headers   'cache-control': 'max-age=0',
29 verbose headers   'content-length': '52',
29 verbose headers   'accept-ranges': 'bytes',
29 verbose headers   via: '1.1 varnish',
29 verbose headers   age: '0',
29 verbose headers   'x-served-by': 'cache-lax1420-LAX',
29 verbose headers   'x-cache': 'MISS',
29 verbose headers   'x-cache-hits': '0',
29 verbose headers   'x-timer': 'S1415322346.630393,VS0,VE82',
29 verbose headers   'keep-alive': 'timeout=10, max=50',
29 verbose headers   connection: 'Keep-Alive' }
30 silly registry.get cb [ 404,
30 silly registry.get   { date: 'Fri, 07 Nov 2014 01:05:46 GMT',
30 silly registry.get     server: 'CouchDB/1.5.0 (Erlang OTP/R14B04)',
30 silly registry.get     'content-type': 'application/json',
30 silly registry.get     'cache-control': 'max-age=0',
30 silly registry.get     'content-length': '52',
30 silly registry.get     'accept-ranges': 'bytes',
30 silly registry.get     via: '1.1 varnish',
30 silly registry.get     age: '0',
30 silly registry.get     'x-served-by': 'cache-lax1420-LAX',
30 silly registry.get     'x-cache': 'MISS',
30 silly registry.get     'x-cache-hits': '0',
30 silly registry.get     'x-timer': 'S1415322346.630393,VS0,VE82',
30 silly registry.get     'keep-alive': 'timeout=10, max=50',
30 silly registry.get     connection: 'Keep-Alive' } ]
31 silly lockFile 4b1aaa17-node-cron node-cron@
32 silly lockFile 4b1aaa17-node-cron node-cron@
33 error 404 404 Not Found: node-cron
33 error 404
33 error 404 'node-cron' is not in the npm registry.
33 error 404 You should bug the author to publish it
33 error 404 It was specified as a dependency of 'KRADIO'
33 error 404
33 error 404 Maybe try 'npm search cron'
33 error 404
33 error 404 Note that you can also install from a
33 error 404 tarball, folder, or http url, or git url.
34 error System Windows_NT 6.1.7601
35 error command "C:\\Program Files (x86)\\nodejs\\\\node.exe" "C:\\Program Files (x86)\\nodejs\\node_modules\\npm\\bin\\npm-cli.js" "instal" "node-cron" "--save"
36 error cwd C:\Users\therbert\Documents\GitHub\KRADIO
37 error node -v v0.10.33
38 error npm -v 1.4.28
39 error code E404
40 verbose exit [ 1, true ]
